<?xml version="1.0" encoding="UTF-8"?>
<!-- Generated by org.testng.reporters.JUnitReportReporter -->
<testsuite skipped="0" hostname="Nayem" name="com.TestNG.DataProviderTest" tests="3" failures="0" timestamp="25 Mar 2020 14:23:44 GMT" time="55.870" errors="0">
  <testcase name="findData" time="12.025" classname="com.TestNG.DataProviderTest"/>
  <testcase name="findData" time="30.328" classname="com.TestNG.DataProviderTest"/>
  <testcase name="findData" time="13.517" classname="com.TestNG.DataProviderTest"/>
</testsuite> <!-- com.TestNG.DataProviderTest -->
