<?xml version="1.0" encoding="UTF-8"?>
<!-- Generated by org.testng.reporters.JUnitReportReporter -->
<testsuite skipped="0" hostname="Nayem" name="com.TestNG.TestCaseOne" tests="2" failures="0" timestamp="25 Mar 2020 10:44:08 GMT" time="0.016" errors="0">
  <testcase name="SimpleTest" time="0.011" classname="com.TestNG.TestCaseOne"/>
  <testcase name="SimpleTest" time="0.005" classname="com.TestNG.TestCaseOne"/>
</testsuite> <!-- com.TestNG.TestCaseOne -->
