<?xml version="1.0" encoding="UTF-8"?>
<!-- Generated by org.testng.reporters.JUnitReportReporter -->
<testsuite skipped="0" hostname="Nayem" name="com.TestNG_MultipleTest.TestDatabase" tests="4" failures="0" timestamp="25 Mar 2020 10:23:38 GMT" time="0.010" errors="0">
  <testcase name="testConnectMsSQL" time="0.003" classname="com.TestNG_MultipleTest.TestDatabase"/>
  <testcase name="testConnectMongoDB" time="0.002" classname="com.TestNG_MultipleTest.TestDatabase"/>
  <testcase name="testConnectMySQL" time="0.003" classname="com.TestNG_MultipleTest.TestDatabase"/>
  <testcase name="testConnectOracle" time="0.002" classname="com.TestNG_MultipleTest.TestDatabase"/>
</testsuite> <!-- com.TestNG_MultipleTest.TestDatabase -->
