<?xml version="1.0" encoding="UTF-8"?>
<!-- Generated by org.testng.reporters.JUnitReportReporter -->
<testsuite skipped="0" hostname="Nayem" name="com.TestNG.BeforeMethodTest" tests="1" failures="0" timestamp="24 Mar 2020 12:35:39 GMT" time="12.845" errors="0">
  <testcase name="f" time="12.845" classname="com.TestNG.BeforeMethodTest"/>
</testsuite> <!-- com.TestNG.BeforeMethodTest -->
