<?xml version="1.0" encoding="UTF-8"?>
<!-- Generated by org.testng.reporters.JUnitReportReporter -->
<testsuite skipped="0" hostname="Nayem" name="com.TestNG.TestBase" tests="2" failures="0" timestamp="25 Mar 2020 10:37:49 GMT" time="0.010" errors="0">
  <testcase name="f" time="0.008" classname="com.TestNG.TestBase"/>
  <testcase name="f" time="0.002" classname="com.TestNG.TestBase"/>
</testsuite> <!-- com.TestNG.TestBase -->
