<?xml version="1.0" encoding="UTF-8"?>
<!-- Generated by org.testng.reporters.JUnitReportReporter -->
<testsuite skipped="0" hostname="Nayem" name="com.TestNG.BeforeClassTest" tests="1" failures="0" timestamp="24 Mar 2020 15:35:56 GMT" time="27.524" errors="0">
  <testcase name="BasicTest" time="27.524" classname="com.TestNG.BeforeClassTest"/>
</testsuite> <!-- com.TestNG.BeforeClassTest -->
