<?xml version="1.0" encoding="UTF-8"?>
<!-- Generated by org.testng.reporters.JUnitReportReporter -->
<testsuite skipped="0" hostname="Nayem" name="com.TestNG.AfterClassTest" tests="1" failures="0" timestamp="24 Mar 2020 15:59:36 GMT" time="12.315" errors="0">
  <testcase name="BasicTest" time="12.315" classname="com.TestNG.AfterClassTest"/>
</testsuite> <!-- com.TestNG.AfterClassTest -->
