<?xml version="1.0" encoding="UTF-8"?>
<!-- Generated by org.testng.reporters.JUnitReportReporter -->
<testsuite skipped="0" hostname="Nayem" name="com.TestNG.AddLogInReport" tests="2" failures="0" timestamp="25 Mar 2020 13:13:11 GMT" time="5.609" errors="0">
  <testcase name="googleTitle" time="0.032" classname="com.TestNG.AddLogInReport"/>
  <testcase name="tearDown" time="5.577" classname="com.TestNG.AddLogInReport"/>
</testsuite> <!-- com.TestNG.AddLogInReport -->
