<?xml version="1.0" encoding="UTF-8"?>
<!-- Generated by org.testng.reporters.JUnitReportReporter -->
<testsuite skipped="0" hostname="Nayem" name="com.TestNG.BeforeTestTesting" tests="1" failures="0" timestamp="25 Mar 2020 09:46:58 GMT" time="19.333" errors="0">
  <testcase name="BasicTest" time="19.333" classname="com.TestNG.BeforeTestTesting"/>
</testsuite> <!-- com.TestNG.BeforeTestTesting -->
