<?xml version="1.0" encoding="UTF-8"?>
<!-- Generated by org.testng.reporters.JUnitReportReporter -->
<testsuite skipped="0" hostname="Nayem" name="com.TestNG.GenerateTestReport" tests="2" failures="0" timestamp="25 Mar 2020 11:22:28 GMT" time="6.137" errors="0">
  <testcase name="tearDown" time="6.122" classname="com.TestNG.GenerateTestReport"/>
  <testcase name="googleTitle" time="0.015" classname="com.TestNG.GenerateTestReport"/>
</testsuite> <!-- com.TestNG.GenerateTestReport -->
