<?xml version="1.0" encoding="UTF-8"?>
<!-- Generated by org.testng.reporters.JUnitReportReporter -->
<testsuite skipped="0" hostname="Nayem" name="com.TestNG.PriorityTestClass" tests="4" failures="0" timestamp="25 Mar 2020 11:08:35 GMT" time="0.030" errors="0">
  <testcase name="test4" time="0.022" classname="com.TestNG.PriorityTestClass"/>
  <testcase name="test2" time="0.003" classname="com.TestNG.PriorityTestClass"/>
  <testcase name="test3" time="0.002" classname="com.TestNG.PriorityTestClass"/>
  <testcase name="test1" time="0.003" classname="com.TestNG.PriorityTestClass"/>
</testsuite> <!-- com.TestNG.PriorityTestClass -->
