<?xml version="1.0" encoding="UTF-8"?>
<!-- Generated by org.testng.reporters.JUnitReportReporter -->
<testsuite skipped="0" hostname="Nayem" name="com.TestNGtest.TestBase" tests="1" failures="0" timestamp="02 Mar 2020 17:26:28 GMT" time="0.007" errors="0">
  <testcase name="f" time="0.007" classname="com.TestNGtest.TestBase"/>
</testsuite> <!-- com.TestNGtest.TestBase -->
