<?xml version="1.0" encoding="UTF-8"?>
<!-- Generated by org.testng.reporters.JUnitReportReporter -->
<testsuite skipped="0" hostname="Nayem" name="com.TestNGtest.Basic" tests="1" failures="0" timestamp="01 Mar 2020 17:34:38 GMT" time="19.091" errors="0">
  <testcase name="f" time="19.091" classname="com.TestNGtest.Basic"/>
</testsuite> <!-- com.TestNGtest.Basic -->
