<?xml version="1.0" encoding="UTF-8"?>
<!-- Generated by org.testng.reporters.JUnitReportReporter -->
<testsuite skipped="0" hostname="Nayem" name="com.TestNGtest.AddLogInReport" tests="2" failures="0" timestamp="02 Mar 2020 19:21:20 GMT" time="5.122" errors="0">
  <testcase name="GetGoogleTitle" time="0.036" classname="com.TestNGtest.AddLogInReport"/>
  <testcase name="TearDown" time="5.086" classname="com.TestNGtest.AddLogInReport"/>
</testsuite> <!-- com.TestNGtest.AddLogInReport -->
