<?xml version="1.0" encoding="UTF-8"?>
<!-- Generated by org.testng.reporters.JUnitReportReporter -->
<testsuite skipped="0" hostname="Nayem" name="com.TestNGtest.TestCase1" tests="2" failures="0" timestamp="25 Mar 2020 08:56:56 GMT" time="2.442" errors="0">
  <testcase name="SimpleTest" time="2.427" classname="com.TestNGtest.TestCase1"/>
  <testcase name="f" time="0.015" classname="com.TestNGtest.TestCase1"/>
</testsuite> <!-- com.TestNGtest.TestCase1 -->
