<?xml version="1.0" encoding="UTF-8"?>
<!-- Generated by org.testng.reporters.JUnitReportReporter -->
<testsuite skipped="0" hostname="Nayem" name="com.TestNGtest.TestCase1" tests="2" failures="0" timestamp="02 Mar 2020 17:33:53 GMT" time="3.956" errors="0">
  <testcase name="SimpleTest" time="3.945" classname="com.TestNGtest.TestCase1"/>
  <testcase name="f" time="0.011" classname="com.TestNGtest.TestCase1"/>
</testsuite> <!-- com.TestNGtest.TestCase1 -->
