<?xml version="1.0" encoding="UTF-8"?>
<!-- Generated by org.testng.reporters.JUnitReportReporter -->
<testsuite skipped="0" hostname="Nayem" name="com.TestNGtest.GenerateTestReport" tests="2" failures="0" timestamp="02 Mar 2020 18:18:22 GMT" time="7.412" errors="0">
  <testcase name="GetGoogleTitle" time="0.018" classname="com.TestNGtest.GenerateTestReport"/>
  <testcase name="TearDown" time="7.394" classname="com.TestNGtest.GenerateTestReport"/>
</testsuite> <!-- com.TestNGtest.GenerateTestReport -->
