<?xml version="1.0" encoding="UTF-8"?>
<!-- Generated by org.testng.reporters.JUnitReportReporter -->
<testsuite skipped="0" hostname="Nayem" name="com.TestNGtest.PriorityTest" tests="5" failures="0" timestamp="02 Mar 2020 18:31:40 GMT" time="0.052" errors="0">
  <testcase name="test_5" time="0.033" classname="com.TestNGtest.PriorityTest"/>
  <testcase name="test_3" time="0.005" classname="com.TestNGtest.PriorityTest"/>
  <testcase name="test_2" time="0.003" classname="com.TestNGtest.PriorityTest"/>
  <testcase name="test_4" time="0.004" classname="com.TestNGtest.PriorityTest"/>
  <testcase name="test_1" time="0.007" classname="com.TestNGtest.PriorityTest"/>
</testsuite> <!-- com.TestNGtest.PriorityTest -->
