<?xml version="1.0" encoding="UTF-8"?>
<!-- Generated by org.testng.reporters.JUnitReportReporter -->
<testsuite skipped="0" hostname="Nayem" name="com.TestNGtest.BeforeClassTest" tests="1" failures="0" timestamp="02 Mar 2020 07:45:10 GMT" time="24.815" errors="0">
  <testcase name="f" time="24.815" classname="com.TestNGtest.BeforeClassTest"/>
</testsuite> <!-- com.TestNGtest.BeforeClassTest -->
