<?xml version="1.0" encoding="UTF-8"?>
<!-- Generated by org.testng.reporters.JUnitReportReporter -->
<testsuite skipped="0" hostname="Nayem" name="com.TestNGtest.AfterClassTest" tests="1" failures="0" timestamp="02 Mar 2020 09:33:34 GMT" time="14.311" errors="0">
  <testcase name="f" time="14.311" classname="com.TestNGtest.AfterClassTest"/>
</testsuite> <!-- com.TestNGtest.AfterClassTest -->
