<?xml version="1.0" encoding="UTF-8"?>
<!-- Generated by org.testng.reporters.JUnitReportReporter -->
<testsuite skipped="0" hostname="Nayem" name="com.TestNGtest.AfterMethodTest" tests="1" failures="0" timestamp="01 Mar 2020 19:29:44 GMT" time="17.538" errors="0">
  <testcase name="f" time="17.538" classname="com.TestNGtest.AfterMethodTest"/>
</testsuite> <!-- com.TestNGtest.AfterMethodTest -->
