<?xml version="1.0" encoding="UTF-8"?>
<!-- Generated by org.testng.reporters.JUnitReportReporter -->
<testsuite skipped="0" hostname="Nayem" name="com.TestNGtest.BeforeTestTest" tests="1" failures="0" timestamp="02 Mar 2020 09:54:33 GMT" time="4.467" errors="0">
  <testcase name="f" time="4.467" classname="com.TestNGtest.BeforeTestTest"/>
</testsuite> <!-- com.TestNGtest.BeforeTestTest -->
